<?xml version="1.0" encoding="UTF-8"?>
<!-- Subhalos in WDM -->
<parameters>
  <formatVersion>2</formatVersion>
  <version>0.9.4</version>

  <!-- Verbosity -->
  <verbosityLevel value="working"/>

  <!-- Component selection -->
  <componentBasic value="standard"/>
  <componentHotHalo value="null"/>
  <componentBlackHole value="null"/>
  <componentDarkMatterProfile value="scale"/>
  <componentDisk value="null"/>
  <componentSatellite value="orbiting"/>
  <componentSpheroid value="null"/>
  <componentSpin value="null"/>

  <!-- Cosmological parameters and options -->
  <cosmologyFunctions value="matterLambda"/>
  <cosmologyParameters value="simple">
    <HubbleConstant value="69.7"/>
    <OmegaMatter value="0.2812"/>
    <OmegaDarkEnergy value="0.7188"/>
    <OmegaBaryon value="0.04611"/>
    <temperatureCMB value="2.72548"/>
  </cosmologyParameters>

  <!-- Dark matter particle -->
  <darkMatterParticle value="WDMThermal">
    <mass value="2.0"/>
    <degreesOfFreedomEffective value="1.5"/>
  </darkMatterParticle>

  <!--  Power spectrum options  -->
  <powerSpectrumPrimordial value="powerLaw">
    <index value="0.961"/>
    <wavenumberReference value="1.0"/>
    <running value="0.0"/>
  </powerSpectrumPrimordial>
  <cosmologicalMassVariance value="filteredPower">
    <sigma_8 value="0.817"/>
    <monotonicInterpolation value="false"/>
    <powerSpectrumWindowFunction value="sharpKSpace">
      <normalization value="2.5"/>
    </powerSpectrumWindowFunction>
  </cosmologicalMassVariance>
  <transferFunction value="bode2001">
    <scaleCutOff value="0.08725"/>
    <!-- WARNING: This is expected to trigger a warning -->
    <epsilon value="0.359"/>
    <nu value="1.1"/>
    <eta value="3.81"/>
    <transferFunction value="eisensteinHu1999">
      <neutrinoNumberEffective value="3.04"/>
      <neutrinoMassSummed value="0.000"/>
      <darkMatterParticle value="CDM"/>
    </transferFunction>
  </transferFunction>

  <!--  Structure growth -->
  <linearGrowth value="collisionlessMatter"/>

  <!-- Critical overdensity for halo collapse -->
  <criticalOverdensity value="barkana2001WDM">
    <criticalOverdensity value="sphericalCollapseClsnlssMttrCsmlgclCnstnt">
      <darkMatterParticle value="CDM"/>
    </criticalOverdensity>
  </criticalOverdensity>

  <!-- Dark matter profile concentrations -->
  <darkMatterProfileConcentration value="schneider2015">
    <reference>
      <cosmologicalMassVariance value="filteredPower">
        <sigma_8 value="0.817"/>
        <powerSpectrumWindowFunction value="sharpKSpace">
          <normalization value="2.5"/>
        </powerSpectrumWindowFunction>
        <powerSpectrumPrimordialTransferred value="simple"/>
        <transferFunction value="eisensteinHu1999">
          <neutrinoNumberEffective value="3.04"/>
          <neutrinoMassSummed value="0.000"/>
          <darkMatterParticle value="CDM"/>
        </transferFunction>
        <powerSpectrumPrimordial value="powerLaw">
          <index value="0.961"/>
          <wavenumberReference value="1.000"/>
          <running value="0.000"/>
        </powerSpectrumPrimordial>
      </cosmologicalMassVariance>
      <criticalOverdensity value="sphericalCollapseClsnlssMttrCsmlgclCnstnt">
        <darkMatterParticle value="CDM"/>
      </criticalOverdensity>
      <cosmologyFunctions value="matterLambda"/>
      <cosmologyParameters value="simple">
        <OmegaMatter value="0.2812"/>
        <OmegaDarkEnergy value="0.7188"/>
        <OmegaBaryon value="0.04611"/>
        <HubbleConstant value="69.7"/>
      </cosmologyParameters>
      <darkMatterProfileConcentration value="diemerKravtsov2014"/>
    </reference>
  </darkMatterProfileConcentration>

  <!-- Merger tree building options -->
  <mergerTreeConstructor value="build"/>
  <mergerTreeBuilder value="cole2000">
    <accretionLimit value="0.1"/>
    <mergeProbability value="0.1"/>
    <redshiftMaximum value="30"/>
    <toleranceResolutionParent value="2.0e-2"/>
  </mergerTreeBuilder>
  <mergerTreeBranchingProbability value="parkinsonColeHelly">
    <G0 value="+0.57"/>
    <gamma1 value="+0.38"/>
    <gamma2 value="-0.01"/>
    <accuracyFirstOrder value="+0.10"/>
  </mergerTreeBranchingProbability>
  <mergerTreeBuildMasses value="sampledDistributionUniform">
    <massTreeMinimum value="1.0e12"/>
    <massTreeMaximum value="2.0e12"/>
    <treesPerDecade value="20"/>
  </mergerTreeBuildMasses>

  <mergerTreeMassResolution value="fixed">
    <massResolution value="1.0e10"/>
  </mergerTreeMassResolution>

  <!-- Structure formation options -->
  <virialDensityContrast value="sphericalCollapseClsnlssMttrCsmlgclCnstnt"/>

  <!-- Dark matter halo profile -->
  <darkMatterProfileDMO value="NFW"/>

  <!-- Halo accretion options -->
  <accretionHalo value="zero"/>

  <!-- Hot halo gas model options -->
  <hotHaloMassDistribution value="null"/>

  <!-- Orbit model options -->
  <satelliteOrbitingDestructionMass value="0.0"/>
  <satelliteOrbitingDestructionMassIsFractional value="true"/>
  <satelliteDynamicalFriction value="chandrasekhar1943"/>
  <satelliteTidalStripping value="zentner2005">
    <efficiency value="1.0"/>
  </satelliteTidalStripping>
  <satelliteTidalHeatingRate value="gnedin1999"/>

  <!-- Satellite merger options -->
  <mergerRemnantSize value="null"/>

  <!-- Numerical tolerances -->
  <mergerTreeNodeEvolver value="standard">
    <odeToleranceAbsolute value="0.01"/>
    <odeToleranceRelative value="0.01"/>
  </mergerTreeNodeEvolver>

  <mergerTreeEvolver value="standard">
    <timestepHostAbsolute value="1.00"/>
    <timestepHostRelative value="0.10"/>
  </mergerTreeEvolver>

  <mergerTreeEvolveTimestep value="multi">
    <mergerTreeEvolveTimestep value="simple">
      <timeStepAbsolute value="10.00"/>
      <timeStepRelative value="10.00"/>
    </mergerTreeEvolveTimestep>
    <mergerTreeEvolveTimestep value="satellite"/>
  </mergerTreeEvolveTimestep>

  <!-- Luminosities -->
  <luminosityFilter value="SDSS_r"/>
  <luminosityRedshift value="0.0"/>
  <luminosityType value="rest"/>

  <!-- Output options -->
  <outputTimestepHistory value="false"/>
  <nodePropertyExtractor value="virialProperties"/>
  <outputTimes value="list">
    <redshifts value="0.0"/>
  </outputTimes>

  <!-- Output file -->
  <galacticusOutputFileName value="subhalosWDM.hdf5"/>
  <mergerTreeOutputter value="standard">
    <outputReferences value="false"/>
    <cosmologyParameters value="simple"> <!-- VALID: This should be allowed as galacticFilterMethod below will composite cosmologyFunctions which in turn composites cosmologyParameters -->
      <HubbleConstant value="69.7"/>
      <OmegaMatter value="0.2812"/>
      <OmegaDarkEnergy value="0.7188"/>
      <OmegaBaryon value="0.04611"/>
      <temperatureCMB value="2.72548"/>
    </cosmologyParameters>
    <galacticFilter value="haloIsolated"/>
  </mergerTreeOutputter>

</parameters>
