<parameters>
  <!-- Radiative transfer atomic state solver -->

  <elementsToTrack value="O"/>

</parameters>
