<?xml version="1.0"?>
<parameters>
  <!-- Radiative transfer atomic state solver -->

  <elementsToTrack value="O C Si Fe"/>

  <nodeOperatorMethod value="multi"><!--Stellar feedback outflows-->
    <nodeOperatorMethod value="stellarFeedbackDisks">
      <stellarFeedbackOutflowsMethod value="rateLimit">
        <timescaleOutflowFractionalMinimum value="0.001"/>
        <stellarFeedbackOutflowsMethod value="powerLaw">
          <velocityCharacteristic value="250.0"/>
          <exponent value="3.5"/>
        </stellarFeedbackOutflowsMethod>
      </stellarFeedbackOutflowsMethod>
    </nodeOperatorMethod>
    <nodeOperatorMethod value="stellarFeedbackSpheroids">
      <stellarFeedbackOutflowsMethod value="rateLimit">
        <timescaleOutflowFractionalMinimum value="0.001"/>
        <stellarFeedbackOutflowsMethod value="powerLaw">
          <velocityCharacteristic value="250.0"/>
          <exponent value="3.5"/>
        </stellarFeedbackOutflowsMethod>
      </stellarFeedbackOutflowsMethod>
    </nodeOperatorMethod>
  </nodeOperatorMethod>
</parameters>
