<?xml version="1.0"?>
<parameters>
  <formatVersion>2</formatVersion>
  <version>0.9.4</version>
  <mergerTreeBuildMassesMethod value="sampledDistributionUniform">
    <treesPerDecade value="5"/>
    <massTreeMaximum value="1e+12"/>
    <massTreeMinimum value="10000000000"/>
  </mergerTreeBuildMassesMethod>
  <nodeOperatorMethod value="multi"><!--Stellar feedback outflows-->
    <nodeOperatorMethod value="stellarFeedbackDisks">
      <stellarFeedbackOutflowsMethod value="rateLimit">
        <timescaleOutflowFractionalMinimum value="0.001"/>
        <stellarFeedbackOutflowsMethod value="powerLaw">
          <velocityCharacteristic value="250.0"/>
          <exponent value="3.5"/>
        </stellarFeedbackOutflowsMethod>
      </stellarFeedbackOutflowsMethod>
    </nodeOperatorMethod>
    <nodeOperatorMethod value="stellarFeedbackSpheroids">
      <stellarFeedbackOutflowsMethod value="rateLimit">
        <timescaleOutflowFractionalMinimum value="0.001"/>
        <stellarFeedbackOutflowsMethod value="powerLaw">
          <velocityCharacteristic value="250.0"/>
          <exponent value="3.5"/>
        </stellarFeedbackOutflowsMethod>
      </stellarFeedbackOutflowsMethod>
    </nodeOperatorMethod>
  </nodeOperatorMethod>
</parameters>
