<?xml version="1.0" encoding="UTF-8"?>
<!-- Defines a set of Galacticus models which explore all available method options. -->
<!-- Andrew Benson                                                                  -->
<!-- 04-Sep-2010                                                                    -->
<parameterGrid>
  <emailReport>no</emailReport>
  <doAnalysis>no</doAnalysis>
  <modelRootDirectory>testSuite/outputs/test-methods_MPI</modelRootDirectory>
  <baseParameters>testSuite/test-methods-base.xml</baseParameters>
  <launchMethod>pbs</launchMethod>
  <pbs>
    <executable>Galacticus.exe_MPI</executable>
    <mpiLaunch>yes</mpiLaunch>
    <mpiNodes>4</mpiNodes>
    <mpiProcesses>48</mpiProcesses>
    <ompThreads>1</ompThreads>
    <maxJobsInQueue>40</maxJobsInQueue>
    <postSubmitSleepDuration>1</postSubmitSleepDuration>
    <jobWaitSleepDuration>10</jobWaitSleepDuration>
  </pbs>
  <local>
    <executable>Galacticus.exe_MPI</executable>
  </local>
  
  <!-- Tree construction methods -->
  <parameters>
    <formatVersion>2</formatVersion>
    <version>0.9.4</version>
    <errorWaitTime value="0"/>
    <evolveForestsWorkShare value="cyclic"/>
    <mergerTreeConstructor value="build">
      <mergerTreeBuildMasses value="sampledDistributionUniform">
	<massTreeMinimum value="1.0e10"/>
	<massTreeMaximum value="1.0e13"/>
	<treesPerDecade value="20"/>
      </mergerTreeBuildMasses>
    </mergerTreeConstructor>
    <mergerTreeConstructor value="read">
      <fileNames value="testSuite/test-MergerTrees.hdf5"/>
      <presetOrbits value="true"/>
      <presetOrbitsBoundOnly value="true"/>
      <presetMergerTimes value="true"/>
      <presetMergerNodes value="true"/>
      <satelliteMergingTimescalesSubresolution value="boylanKolchin2008"/>
      <presetSubhaloIndices value="false"/>
      <treeIndexToRootNodeIndex value="true"/>
      <presetSubhaloMasses value="true"/>
      <presetPositions value="true"/>
      <presetAngularMomenta value="false"/>
      <presetScaleRadii value="false"/>
      <hotHaloRamPressureStripping value="virialRadius" parameterLevel="top"/>
      <hotHaloTrackStrippedGas value="false" parameterLevel="top"/>
      <satelliteOrbitStoreOrbitalParameters value="false" parameterLevel="top"/>
      <componentSatellite value="preset" parameterLevel="top"/>
      <componentPosition value="cartesian" parameterLevel="top"/>
      <mergerTreeEvolver value="standard" parameterLevel="top">
	<allTreesExistAtFinalTime value="false"/>
      </mergerTreeEvolver>
    </mergerTreeConstructor>    
    <cosmologyParameters value="simple">
      <HubbleConstant value="73.0"/>
      <OmegaMatter value="0.25"/>
      <OmegaDarkEnergy value="0.75"/>
      <OmegaBaryon value="0.045"/>
      <temperatureCMB value="2.72548"/>
    </cosmologyParameters>
    <powerSpectrumPrimordial value="powerLaw">
      <index value="0.961"/>
      <wavenumberReference value="1.000"/>
      <running value="0.000"/>
    </powerSpectrumPrimordial>
    <cosmologicalMassVariance value="filteredPower">
      <sigma_8 value="0.9"/>
    </cosmologicalMassVariance>
  </parameters>
  
</parameterGrid>
