<?xml version="1.0" encoding="UTF-8"?>
<!-- Defines a set of Galacticus models which explore all available method options. -->
<!-- Andrew Benson                                                                  -->
<!-- 04-Sep-2010                                                                    -->
<parameterGrid>
  <emailReport>no</emailReport>
  <doAnalysis>no</doAnalysis>
  <modelRootDirectory>testSuite/outputs/test-methods</modelRootDirectory>
  <baseParameters>testSuite/test-methods-base.xml</baseParameters>
  <parameters>
    <parameter>
      <name>accretionDisksMethod</name>
      <value>switched</value>
      <value>Shakura-Sunyaev</value>
      <value>ADAF</value>
    </parameter>
  </parameters>
  <parameters>
    <parameter>
      <name>barInstabilityMethod</name>
      <value>ELN</value>
      <value>null</value>
    </parameter>
  </parameters>
  <parameters>
    <parameter>
      <name>outputHaloModelData</name>
      <value>true</value>
    </parameter>
    <parameter>
      <name>darkMatterHaloBiasMethod</name>
      <value>SMT</value>
      <value>Press-Schechter</value>
      <value>Tinker2010</value>
    </parameter>
  </parameters>
  <parameters>
    <parameter>
      <name>darkMatterProfileMethod</name>
      <value>NFW</value>
      <value>isothermal</value>
    </parameter>
  </parameters>
  <parameters>
    <parameter>
      <name>galacticStructureRadiusSolverMethod</name>
      <value>adiabatic</value>
      <value>simple</value>
    </parameter>
  </parameters>
  <parameters>
    <parameter>
      <name>haloMassFunctionMethod</name>
      <value>Sheth-Tormen</value>
      <value>Tinker2008</value>
      <value>Press-Schechter</value>
    </parameter>
  </parameters>
  <parameters>
    <parameter>
      <name>haloSpinDistributionMethod</name>
      <value>Bett2007</value>
      <value>lognormal</value>
    </parameter>
  </parameters>
  <parameters>
    <parameter>
      <name>chemicalStateFile</name>
      <value>data/chemical_state_Atomic_CIE_Cloudy.xml</value>
    </parameter>
    <parameter>
      <name>chemicalStateMethod</name>
      <value>atomic_CIE_Cloudy</value>
      <value>CIE_from_file</value>
    </parameter>
  </parameters>
  <parameters>
    <parameter>
      <name>mergerTreeReadFileName</name>
      <value>testSuite/test-MergerTrees.hdf5</value>
    </parameter>
    <parameter>
      <name>mergerTreeConstructMethod</name>
      <value>smoothAccretion
        <parameter>
	  <name>darkMatterAccretionHistoryMethod</name>
	  <value>Wechsler 2002</value>
	  <value>Zhao 2009</value>
        </parameter>
      </value>
      <value>build
        <parameter>
	  <name>mergerTreeBuildTreesHaloMassDistribution</name>
	  <value>uniform</value>
	  <value>read
	  <parameter>
	    <name>mergerTreeBuildTreeMassesFile</name>
	    <value>testSuite/data/mergerTreeBuilding/treeMasses.xml</value>
	  </parameter>
	  </value>
        </parameter>
      </value>
      <value>read</value>
    </parameter>
    <parameter>
      <name>allTreesExistAtFinalTime</name>
      <value>false</value>
    </parameter>
    <parameter>
      <name>mergerTreeReadPresetSubhaloMasses</name>
      <value>true</value>
    </parameter>
    <parameter>
      <name>treeNodeMethodPosition</name>
      <value>preset</value>
    </parameter>
    <parameter>
      <name>treeNodeMethodSatelliteOrbit</name>
      <value>preset</value>
    </parameter>
    <parameter>
      <name>mergerTreeReadPresetMergerTimes</name>
      <value>true</value>
    </parameter>
    <parameter>
      <name>mergerTreeReadPresetPositions</name>
      <value>true</value>
    </parameter>
    <parameter>
      <name>mergerTreeReadPresetSpins</name>
      <value>false</value>
    </parameter>
    <parameter>
      <name>mergerTreeReadPresetScaleRadii</name>
      <value>false</value>
    </parameter>
    <parameter>
      <name>H_0</name>
      <value>73.0</value>
    </parameter>
    <parameter>
      <name>Omega_0</name>
      <value>0.25</value>
    </parameter>
    <parameter>
      <name>Omega_DE</name>
      <value>0.75</value>
    </parameter>
    <parameter>
      <name>Omega_b</name>
      <value>0.045</value>
    </parameter>
    <parameter>
      <name>T_CMB</name>
      <value>2.72548</value>
    </parameter>
    <parameter>
      <name>powerSpectrumIndex</name>
      <value>0.961</value>
    </parameter>
    <parameter>
      <name>sigma_8</name>
      <value>0.9</value>
    </parameter>
  </parameters>
  <parameters>
    <parameter>
      <name>satelliteMergingMethod</name>
      <value>BoylanKolchin2008</value>
      <value>Lacey-Cole</value>
      <value>Jiang2008</value>
    </parameter>
  </parameters>
  <parameters>
<!-- Use fairly strict limits on the outflow timescales to avoid unstable evolution. -->
    <parameter>
      <name>diskOutflowTimescaleMinimum</name>
      <value>0.1</value>
    </parameter>
    <parameter>
      <name>spheroidOutflowTimescaleMinimum</name>
      <value>0.1</value>
    </parameter>
    <parameter>
      <name>stellarPopulationPropertiesMethod</name>
      <value>instantaneous</value>
      <value>noninstantaneous</value>
    </parameter>
  </parameters>
  <parameters>
    <parameter>
      <name>stellarPopulationSpectraFile</name>
      <value>data/SSP_Spectra_Conroy-et-al_v2.1_imfSalpeter.hdf5</value>
    </parameter>
    <parameter>
      <name>stellarPopulationSpectraMethod</name>
      <value>Conroy, White &amp; Gunn</value>
      <value>file</value>
    </parameter>
  </parameters>
  <parameters>
    <parameter>
      <name>stellarPopulationSpectraPostprocessMethod</name>
      <value>Meiksin2006</value>
      <value>Madau1995</value>
      <value>null</value>
    </parameter>
  </parameters>
  <parameters>
    <!-- <parameter> -->
    <!--   <name>transferFunctionFile</name> -->
    <!--   <value>??????</value> -->
    <!-- </parameter> -->
    <parameter>
      <name>transferFunctionMethod</name>
      <!-- <value>file</value> -->
      <value>BBKS</value>
      <value>CMBFast</value>
      <value>Eisenstein + Hu</value>
    </parameter>
  </parameters>
  <parameters>
    <parameter>
      <name>virialDensityContrastMethod</name>
      <value>spherical top hat</value>
      <value>Bryan + Norman</value>
    </parameter>
  </parameters>
  <parameters>
    <parameter>
      <name>virialOrbitsMethod</name>
      <value>Wetzel2010</value>
      <value>Benson2005</value>
    </parameter>
  </parameters>
  <parameters>
    <parameter>
      <name>starFormationTimescaleDisksMethod</name>
      <value>Kennicutt-Schmidt
        <parameter>
	  <name>starFormationKennicuttSchmidtTruncate</name>
	  <value>true</value>
	  <value>false</value>
        </parameter>
      </value>
      <value>dynamical time</value>
      <value>Blitz-Rosolowsky</value>
      <value>KMT09
        <parameter>
	  <name>molecularFractionFastKMT09</name>
	  <value>false</value>
	  <value>true</value>
        </parameter>
      </value>
    </parameter>
  </parameters>
  <parameters>
    <parameter>
      <name>satelliteMergingRemnantSizeMethod</name>
      <value>Cole2000</value>
      <value>Covington2008</value>
    </parameter>
  </parameters>
  <parameters>
    <parameter>
      <name>darkMatterConcentrationMethod</name>
      <value>Gao 2008</value>
      <value>Zhao 2009</value>
      <value>Munoz-Cuartas 2011</value>
    </parameter>
  </parameters>

  <!-- Molecular hydrogen network and cooling. -->
  <parameters>
    <parameter>
      <name>chemicalReactionRateMethods</name>
      <value>hydrogenNetwork</value>
    </parameter>
    <parameter>
      <name>hydrogenNetworkFast</name>
      <value>true</value>
    </parameter>
    <parameter>
      <name>hydrogenNetworkCMBOnly</name>
      <value>true</value>
    </parameter>
    <parameter>
      <name>chemicalsToTrack</name>
      <value>AtomicHydrogen AtomicHydrogenCation MolecularHydrogen Electron</value>
    </parameter>
    <parameter>
      <name>coolingFunctionMethod</name>
      <value>atomic_CIE_Cloudy CMB_Compton molecularHydrogenGalliPalla</value>
    </parameter>
    <parameter>
      <name>mergerTreeBuildHaloMassMaximum</name>
      <value>1.0e11</value>
    </parameter>
  </parameters>
  
</parameterGrid>
