<?xml version="1.0" encoding="UTF-8"?>
<!-- Defines a set of Galacticus models which explore cosmological models. -->
<!-- Andrew Benson                                                         -->
<!-- 05-Sep-2010                                                           -->
<parameterGrid>
  <emailReport>no</emailReport>
  <doAnalysis>no</doAnalysis>
  <modelRootDirectory>testSuite/outputs/test-cosmology</modelRootDirectory>
  <baseParameters>testSuite/test-cosmology-base.xml</baseParameters>
  <launchMethod>pbs</launchMethod>
  <pbs>
    <ompThreads>16</ompThreads>
    <maxJobsInQueue>40</maxJobsInQueue>
    <postSubmitSleepDuration>1</postSubmitSleepDuration>
    <jobWaitSleepDuration>10</jobWaitSleepDuration>
  </pbs>
  <parameters>
    <formatVersion>2</formatVersion>
    <version>0.9.4</version>
    <cosmologyParametersMethod value="simple">
      <OmegaMatter value="0.25"/>
      <OmegaDarkEnergy value="0.75"/>
      <OmegaDarkEnergy value="0.00"/>
    </cosmologyParametersMethod>
    <nodeOperatorMethod value="multi"><!--Stellar feedback outflows-->
      <nodeOperatorMethod value="stellarFeedbackDisks">
        <stellarFeedbackOutflowsMethod value="rateLimit">
          <timescaleOutflowFractionalMinimum value="0.001"/>
          <stellarFeedbackOutflowsMethod value="powerLaw">
            <velocityCharacteristic value="250.0"/>
            <exponent value="3.5"/>
          </stellarFeedbackOutflowsMethod>
        </stellarFeedbackOutflowsMethod>
      </nodeOperatorMethod>
      <nodeOperatorMethod value="stellarFeedbackSpheroids">
        <stellarFeedbackOutflowsMethod value="rateLimit">
          <timescaleOutflowFractionalMinimum value="0.001"/>
          <stellarFeedbackOutflowsMethod value="powerLaw">
            <velocityCharacteristic value="250.0"/>
            <exponent value="3.5"/>
          </stellarFeedbackOutflowsMethod>
        </stellarFeedbackOutflowsMethod>
      </nodeOperatorMethod>
    </nodeOperatorMethod>
  </parameters>
  <parameters>
    <formatVersion>2</formatVersion>
    <version>0.9.4</version>
    <cosmologyParametersMethod value="simple">
      <OmegaMatter value="1.00"/>
      <OmegaMatter value="1.25"/>
      <OmegaDarkEnergy value="0.00"/>
    </cosmologyParametersMethod>
    <nodeOperatorMethod value="multi"><!--Stellar feedback outflows-->
      <nodeOperatorMethod value="stellarFeedbackDisks">
        <stellarFeedbackOutflowsMethod value="rateLimit">
          <timescaleOutflowFractionalMinimum value="0.001"/>
          <stellarFeedbackOutflowsMethod value="powerLaw">
            <velocityCharacteristic value="250.0"/>
            <exponent value="3.5"/>
          </stellarFeedbackOutflowsMethod>
        </stellarFeedbackOutflowsMethod>
      </nodeOperatorMethod>
      <nodeOperatorMethod value="stellarFeedbackSpheroids">
        <stellarFeedbackOutflowsMethod value="rateLimit">
          <timescaleOutflowFractionalMinimum value="0.001"/>
          <stellarFeedbackOutflowsMethod value="powerLaw">
            <velocityCharacteristic value="250.0"/>
            <exponent value="3.5"/>
          </stellarFeedbackOutflowsMethod>
        </stellarFeedbackOutflowsMethod>
      </nodeOperatorMethod>
    </nodeOperatorMethod>
  </parameters>
</parameterGrid>
